{"D:\\aProyectos\\NodeJS\\Fernando-Herrera\\Node.Js-2023\\08-RESTWeb\\src\\app.ts": {"path":"D:\\aProyectos\\NodeJS\\Fernando-Herrera\\Node.Js-2023\\08-RESTWeb\\src\\app.ts","all":false,"statementMap":{"0":{"start":{"line":1,"column":0},"end":{"line":1,"column":37}},"1":{"start":{"line":2,"column":0},"end":{"line":2,"column":50}},"2":{"start":{"line":3,"column":0},"end":{"line":3,"column":47}},"3":{"start":{"line":4,"column":0},"end":{"line":4,"column":0}},"4":{"start":{"line":5,"column":0},"end":{"line":5,"column":8}},"5":{"start":{"line":6,"column":0},"end":{"line":6,"column":9}},"6":{"start":{"line":7,"column":0},"end":{"line":7,"column":5}},"7":{"start":{"line":8,"column":0},"end":{"line":8,"column":0}},"8":{"start":{"line":9,"column":0},"end":{"line":9,"column":17}},"9":{"start":{"line":10,"column":0},"end":{"line":10,"column":29}},"10":{"start":{"line":11,"column":0},"end":{"line":11,"column":20}},"11":{"start":{"line":12,"column":0},"end":{"line":12,"column":34}},"12":{"start":{"line":13,"column":0},"end":{"line":13,"column":29}},"13":{"start":{"line":14,"column":0},"end":{"line":14,"column":5}},"14":{"start":{"line":15,"column":0},"end":{"line":15,"column":0}},"15":{"start":{"line":16,"column":0},"end":{"line":16,"column":17}},"16":{"start":{"line":17,"column":0},"end":{"line":17,"column":1}}},"s":{"0":1,"1":1,"2":1,"3":1,"4":1,"5":1,"6":1,"7":1,"8":1,"9":1,"10":1,"11":1,"12":1,"13":1,"14":1,"15":1,"16":1},"branchMap":{"0":{"type":"branch","line":5,"loc":{"start":{"line":5,"column":1},"end":{"line":7,"column":2}},"locations":[{"start":{"line":5,"column":1},"end":{"line":7,"column":2}}]},"1":{"type":"branch","line":9,"loc":{"start":{"line":9,"column":0},"end":{"line":17,"column":1}},"locations":[{"start":{"line":9,"column":0},"end":{"line":17,"column":1}}]}},"b":{"0":[1],"1":[1]},"fnMap":{"0":{"name":"main","decl":{"start":{"line":9,"column":0},"end":{"line":17,"column":1}},"loc":{"start":{"line":9,"column":0},"end":{"line":17,"column":1}},"line":9}},"f":{"0":1}}
,"D:\\aProyectos\\NodeJS\\Fernando-Herrera\\Node.Js-2023\\08-RESTWeb\\src\\config\\envs.ts": {"path":"D:\\aProyectos\\NodeJS\\Fernando-Herrera\\Node.Js-2023\\08-RESTWeb\\src\\config\\envs.ts","all":false,"statementMap":{"0":{"start":{"line":1,"column":0},"end":{"line":1,"column":23}},"1":{"start":{"line":2,"column":0},"end":{"line":2,"column":30}},"2":{"start":{"line":3,"column":0},"end":{"line":3,"column":0}},"3":{"start":{"line":4,"column":0},"end":{"line":4,"column":21}},"4":{"start":{"line":5,"column":0},"end":{"line":5,"column":46}},"5":{"start":{"line":6,"column":0},"end":{"line":6,"column":63}},"6":{"start":{"line":7,"column":0},"end":{"line":7,"column":2}}},"s":{"0":1,"1":1,"2":1,"3":1,"4":1,"5":1,"6":1},"branchMap":{},"b":{},"fnMap":{},"f":{}}
,"D:\\aProyectos\\NodeJS\\Fernando-Herrera\\Node.Js-2023\\08-RESTWeb\\src\\data\\postgres\\index.ts": {"path":"D:\\aProyectos\\NodeJS\\Fernando-Herrera\\Node.Js-2023\\08-RESTWeb\\src\\data\\postgres\\index.ts","all":false,"statementMap":{"0":{"start":{"line":1,"column":0},"end":{"line":1,"column":46}},"1":{"start":{"line":2,"column":0},"end":{"line":2,"column":0}},"2":{"start":{"line":3,"column":0},"end":{"line":3,"column":41}}},"s":{"0":1,"1":1,"2":1},"branchMap":{},"b":{},"fnMap":{},"f":{}}
,"D:\\aProyectos\\NodeJS\\Fernando-Herrera\\Node.Js-2023\\08-RESTWeb\\src\\domain\\index.ts": {"path":"D:\\aProyectos\\NodeJS\\Fernando-Herrera\\Node.Js-2023\\08-RESTWeb\\src\\domain\\index.ts","all":false,"statementMap":{"0":{"start":{"line":1,"column":0},"end":{"line":1,"column":46}},"1":{"start":{"line":2,"column":0},"end":{"line":2,"column":39}},"2":{"start":{"line":3,"column":0},"end":{"line":3,"column":47}},"3":{"start":{"line":4,"column":0},"end":{"line":4,"column":23}},"4":{"start":{"line":5,"column":0},"end":{"line":5,"column":0}},"5":{"start":{"line":6,"column":0},"end":{"line":6,"column":38}},"6":{"start":{"line":7,"column":0},"end":{"line":7,"column":0}},"7":{"start":{"line":8,"column":0},"end":{"line":8,"column":44}},"8":{"start":{"line":9,"column":0},"end":{"line":9,"column":44}},"9":{"start":{"line":10,"column":0},"end":{"line":10,"column":41}},"10":{"start":{"line":11,"column":0},"end":{"line":11,"column":42}},"11":{"start":{"line":12,"column":0},"end":{"line":12,"column":44}}},"s":{"0":1,"1":1,"2":1,"3":1,"4":1,"5":1,"6":1,"7":1,"8":1,"9":1,"10":1,"11":1},"branchMap":{},"b":{},"fnMap":{},"f":{}}
,"D:\\aProyectos\\NodeJS\\Fernando-Herrera\\Node.Js-2023\\08-RESTWeb\\src\\domain\\errors\\custom.error.ts": {"path":"D:\\aProyectos\\NodeJS\\Fernando-Herrera\\Node.Js-2023\\08-RESTWeb\\src\\domain\\errors\\custom.error.ts","all":false,"statementMap":{"0":{"start":{"line":1,"column":0},"end":{"line":1,"column":40}},"1":{"start":{"line":2,"column":0},"end":{"line":2,"column":14}},"2":{"start":{"line":3,"column":0},"end":{"line":3,"column":36}},"3":{"start":{"line":4,"column":0},"end":{"line":4,"column":44}},"4":{"start":{"line":5,"column":0},"end":{"line":5,"column":5}},"5":{"start":{"line":6,"column":0},"end":{"line":6,"column":12}},"6":{"start":{"line":7,"column":0},"end":{"line":7,"column":3}},"7":{"start":{"line":8,"column":0},"end":{"line":8,"column":1}}},"s":{"0":1,"1":1,"2":2,"3":2,"4":2,"5":2,"6":2,"7":1},"branchMap":{"0":{"type":"branch","line":2,"loc":{"start":{"line":2,"column":2},"end":{"line":7,"column":3}},"locations":[{"start":{"line":2,"column":2},"end":{"line":7,"column":3}}]}},"b":{"0":[2]},"fnMap":{"0":{"name":"CustomError","decl":{"start":{"line":2,"column":2},"end":{"line":7,"column":3}},"loc":{"start":{"line":2,"column":2},"end":{"line":7,"column":3}},"line":2}},"f":{"0":2}}
,"D:\\aProyectos\\NodeJS\\Fernando-Herrera\\Node.Js-2023\\08-RESTWeb\\src\\domain\\tdos\\todos\\create-todo.dto.ts": {"path":"D:\\aProyectos\\NodeJS\\Fernando-Herrera\\Node.Js-2023\\08-RESTWeb\\src\\domain\\tdos\\todos\\create-todo.dto.ts","all":false,"statementMap":{"0":{"start":{"line":1,"column":0},"end":{"line":1,"column":28}},"1":{"start":{"line":2,"column":0},"end":{"line":2,"column":57}},"2":{"start":{"line":3,"column":0},"end":{"line":3,"column":0}},"3":{"start":{"line":4,"column":0},"end":{"line":4,"column":75}},"4":{"start":{"line":5,"column":0},"end":{"line":5,"column":30}},"5":{"start":{"line":6,"column":0},"end":{"line":6,"column":0}},"6":{"start":{"line":7,"column":0},"end":{"line":7,"column":41}},"7":{"start":{"line":8,"column":0},"end":{"line":8,"column":54}},"8":{"start":{"line":9,"column":0},"end":{"line":9,"column":0}},"9":{"start":{"line":10,"column":0},"end":{"line":10,"column":51}},"10":{"start":{"line":11,"column":0},"end":{"line":11,"column":3}},"11":{"start":{"line":12,"column":0},"end":{"line":12,"column":1}}},"s":{"0":1,"1":1,"2":1,"3":1,"4":3,"5":3,"6":3,"7":3,"8":1,"9":1,"10":1,"11":1},"branchMap":{"0":{"type":"branch","line":2,"loc":{"start":{"line":2,"column":2},"end":{"line":2,"column":57}},"locations":[{"start":{"line":2,"column":2},"end":{"line":2,"column":57}}]},"1":{"type":"branch","line":4,"loc":{"start":{"line":4,"column":9},"end":{"line":11,"column":3}},"locations":[{"start":{"line":4,"column":9},"end":{"line":11,"column":3}}]},"2":{"type":"branch","line":7,"loc":{"start":{"line":7,"column":16},"end":{"line":7,"column":40}},"locations":[{"start":{"line":7,"column":16},"end":{"line":7,"column":40}}]},"3":{"type":"branch","line":8,"loc":{"start":{"line":8,"column":6},"end":{"line":8,"column":54}},"locations":[{"start":{"line":8,"column":6},"end":{"line":8,"column":54}}]},"4":{"type":"branch","line":9,"loc":{"start":{"line":9,"column":-2},"end":{"line":11,"column":3}},"locations":[{"start":{"line":9,"column":-2},"end":{"line":11,"column":3}}]}},"b":{"0":[1],"1":[3],"2":[1],"3":[2],"4":[1]},"fnMap":{"0":{"name":"CreateTodoDto","decl":{"start":{"line":2,"column":2},"end":{"line":2,"column":57}},"loc":{"start":{"line":2,"column":2},"end":{"line":2,"column":57}},"line":2},"1":{"name":"create","decl":{"start":{"line":4,"column":9},"end":{"line":11,"column":3}},"loc":{"start":{"line":4,"column":9},"end":{"line":11,"column":3}},"line":4}},"f":{"0":1,"1":3}}
,"D:\\aProyectos\\NodeJS\\Fernando-Herrera\\Node.Js-2023\\08-RESTWeb\\src\\infrastructure\\datasource\\todo.datasource.impl.ts": {"path":"D:\\aProyectos\\NodeJS\\Fernando-Herrera\\Node.Js-2023\\08-RESTWeb\\src\\infrastructure\\datasource\\todo.datasource.impl.ts","all":false,"statementMap":{"0":{"start":{"line":1,"column":0},"end":{"line":1,"column":45}},"1":{"start":{"line":2,"column":0},"end":{"line":2,"column":8}},"2":{"start":{"line":3,"column":0},"end":{"line":3,"column":16}},"3":{"start":{"line":4,"column":0},"end":{"line":4,"column":14}},"4":{"start":{"line":5,"column":0},"end":{"line":5,"column":17}},"5":{"start":{"line":6,"column":0},"end":{"line":6,"column":13}},"6":{"start":{"line":7,"column":0},"end":{"line":7,"column":16}},"7":{"start":{"line":8,"column":0},"end":{"line":8,"column":22}},"8":{"start":{"line":9,"column":0},"end":{"line":9,"column":0}},"9":{"start":{"line":10,"column":0},"end":{"line":10,"column":59}},"10":{"start":{"line":11,"column":0},"end":{"line":11,"column":67}},"11":{"start":{"line":12,"column":0},"end":{"line":12,"column":43}},"12":{"start":{"line":13,"column":0},"end":{"line":13,"column":27}},"13":{"start":{"line":14,"column":0},"end":{"line":14,"column":7}},"14":{"start":{"line":15,"column":0},"end":{"line":15,"column":0}},"15":{"start":{"line":16,"column":0},"end":{"line":16,"column":39}},"16":{"start":{"line":17,"column":0},"end":{"line":17,"column":3}},"17":{"start":{"line":18,"column":0},"end":{"line":18,"column":0}},"18":{"start":{"line":19,"column":0},"end":{"line":19,"column":41}},"19":{"start":{"line":20,"column":0},"end":{"line":20,"column":47}},"20":{"start":{"line":21,"column":0},"end":{"line":21,"column":60}},"21":{"start":{"line":22,"column":0},"end":{"line":22,"column":3}},"22":{"start":{"line":23,"column":0},"end":{"line":23,"column":0}},"23":{"start":{"line":24,"column":0},"end":{"line":24,"column":51}},"24":{"start":{"line":25,"column":0},"end":{"line":25,"column":64}},"25":{"start":{"line":26,"column":0},"end":{"line":26,"column":0}},"26":{"start":{"line":27,"column":0},"end":{"line":27,"column":74}},"27":{"start":{"line":28,"column":0},"end":{"line":28,"column":39}},"28":{"start":{"line":29,"column":0},"end":{"line":29,"column":3}},"29":{"start":{"line":30,"column":0},"end":{"line":30,"column":0}},"30":{"start":{"line":31,"column":0},"end":{"line":31,"column":71}},"31":{"start":{"line":32,"column":0},"end":{"line":32,"column":42}},"32":{"start":{"line":33,"column":0},"end":{"line":33,"column":0}},"33":{"start":{"line":34,"column":0},"end":{"line":34,"column":50}},"34":{"start":{"line":35,"column":0},"end":{"line":35,"column":38}},"35":{"start":{"line":36,"column":0},"end":{"line":36,"column":34}},"36":{"start":{"line":37,"column":0},"end":{"line":37,"column":7}},"37":{"start":{"line":38,"column":0},"end":{"line":38,"column":0}},"38":{"start":{"line":39,"column":0},"end":{"line":39,"column":46}},"39":{"start":{"line":40,"column":0},"end":{"line":40,"column":3}},"40":{"start":{"line":41,"column":0},"end":{"line":41,"column":0}},"41":{"start":{"line":42,"column":0},"end":{"line":42,"column":53}},"42":{"start":{"line":43,"column":0},"end":{"line":43,"column":28}},"43":{"start":{"line":44,"column":0},"end":{"line":44,"column":46}},"44":{"start":{"line":45,"column":0},"end":{"line":45,"column":20}},"45":{"start":{"line":46,"column":0},"end":{"line":46,"column":7}},"46":{"start":{"line":47,"column":0},"end":{"line":47,"column":0}},"47":{"start":{"line":48,"column":0},"end":{"line":48,"column":42}},"48":{"start":{"line":49,"column":0},"end":{"line":49,"column":3}},"49":{"start":{"line":50,"column":0},"end":{"line":50,"column":1}}},"s":{"0":1,"1":1,"2":1,"3":1,"4":1,"5":1,"6":1,"7":1,"8":1,"9":1,"10":1,"11":1,"12":1,"13":1,"14":1,"15":1,"16":1,"17":1,"18":1,"19":1,"20":1,"21":1,"22":1,"23":1,"24":6,"25":6,"26":6,"27":4,"28":4,"29":1,"30":1,"31":3,"32":2,"33":2,"34":2,"35":2,"36":2,"37":2,"38":2,"39":2,"40":1,"41":1,"42":1,"43":1,"44":1,"45":1,"46":1,"47":1,"48":1,"49":1},"branchMap":{"0":{"type":"branch","line":11,"loc":{"start":{"line":11,"column":8},"end":{"line":17,"column":3}},"locations":[{"start":{"line":11,"column":8},"end":{"line":17,"column":3}}]},"1":{"type":"branch","line":19,"loc":{"start":{"line":19,"column":8},"end":{"line":22,"column":3}},"locations":[{"start":{"line":19,"column":8},"end":{"line":22,"column":3}}]},"2":{"type":"branch","line":21,"loc":{"start":{"line":21,"column":21},"end":{"line":21,"column":58}},"locations":[{"start":{"line":21,"column":21},"end":{"line":21,"column":58}}]},"3":{"type":"branch","line":24,"loc":{"start":{"line":24,"column":8},"end":{"line":29,"column":3}},"locations":[{"start":{"line":24,"column":8},"end":{"line":29,"column":3}}]},"4":{"type":"branch","line":27,"loc":{"start":{"line":27,"column":15},"end":{"line":27,"column":74}},"locations":[{"start":{"line":27,"column":15},"end":{"line":27,"column":74}}]},"5":{"type":"branch","line":28,"loc":{"start":{"line":28,"column":-2},"end":{"line":29,"column":3}},"locations":[{"start":{"line":28,"column":-2},"end":{"line":29,"column":3}}]},"6":{"type":"branch","line":31,"loc":{"start":{"line":31,"column":8},"end":{"line":40,"column":3}},"locations":[{"start":{"line":31,"column":8},"end":{"line":40,"column":3}}]},"7":{"type":"branch","line":33,"loc":{"start":{"line":33,"column":-2},"end":{"line":40,"column":3}},"locations":[{"start":{"line":33,"column":-2},"end":{"line":40,"column":3}}]},"8":{"type":"branch","line":42,"loc":{"start":{"line":42,"column":8},"end":{"line":49,"column":3}},"locations":[{"start":{"line":42,"column":8},"end":{"line":49,"column":3}}]}},"b":{"0":[1],"1":[1],"2":[2],"3":[6],"4":[2],"5":[4],"6":[3],"7":[2],"8":[1]},"fnMap":{"0":{"name":"create","decl":{"start":{"line":11,"column":8},"end":{"line":17,"column":3}},"loc":{"start":{"line":11,"column":8},"end":{"line":17,"column":3}},"line":11},"1":{"name":"getAll","decl":{"start":{"line":19,"column":8},"end":{"line":22,"column":3}},"loc":{"start":{"line":19,"column":8},"end":{"line":22,"column":3}},"line":19},"2":{"name":"findById","decl":{"start":{"line":24,"column":8},"end":{"line":29,"column":3}},"loc":{"start":{"line":24,"column":8},"end":{"line":29,"column":3}},"line":24},"3":{"name":"updateById","decl":{"start":{"line":31,"column":8},"end":{"line":40,"column":3}},"loc":{"start":{"line":31,"column":8},"end":{"line":40,"column":3}},"line":31},"4":{"name":"deleteById","decl":{"start":{"line":42,"column":8},"end":{"line":49,"column":3}},"loc":{"start":{"line":42,"column":8},"end":{"line":49,"column":3}},"line":42}},"f":{"0":1,"1":1,"2":6,"3":3,"4":1}}
,"D:\\aProyectos\\NodeJS\\Fernando-Herrera\\Node.Js-2023\\08-RESTWeb\\src\\presentation\\router.ts": {"path":"D:\\aProyectos\\NodeJS\\Fernando-Herrera\\Node.Js-2023\\08-RESTWeb\\src\\presentation\\router.ts","all":false,"statementMap":{"0":{"start":{"line":1,"column":0},"end":{"line":1,"column":33}},"1":{"start":{"line":2,"column":0},"end":{"line":2,"column":44}},"2":{"start":{"line":3,"column":0},"end":{"line":3,"column":0}},"3":{"start":{"line":4,"column":0},"end":{"line":4,"column":24}},"4":{"start":{"line":5,"column":0},"end":{"line":5,"column":31}},"5":{"start":{"line":6,"column":0},"end":{"line":6,"column":28}},"6":{"start":{"line":7,"column":0},"end":{"line":7,"column":0}},"7":{"start":{"line":8,"column":0},"end":{"line":8,"column":48}},"8":{"start":{"line":9,"column":0},"end":{"line":9,"column":0}},"9":{"start":{"line":10,"column":0},"end":{"line":10,"column":18}},"10":{"start":{"line":11,"column":0},"end":{"line":11,"column":3}},"11":{"start":{"line":12,"column":0},"end":{"line":12,"column":1}}},"s":{"0":1,"1":1,"2":1,"3":1,"4":1,"5":2,"6":2,"7":2,"8":2,"9":2,"10":2,"11":1},"branchMap":{"0":{"type":"branch","line":5,"loc":{"start":{"line":5,"column":8},"end":{"line":11,"column":3}},"locations":[{"start":{"line":5,"column":8},"end":{"line":11,"column":3}}]}},"b":{"0":[2]},"fnMap":{"0":{"name":"get routes","decl":{"start":{"line":5,"column":8},"end":{"line":11,"column":3}},"loc":{"start":{"line":5,"column":8},"end":{"line":11,"column":3}},"line":5}},"f":{"0":2}}
,"D:\\aProyectos\\NodeJS\\Fernando-Herrera\\Node.Js-2023\\08-RESTWeb\\src\\presentation\\server.ts": {"path":"D:\\aProyectos\\NodeJS\\Fernando-Herrera\\Node.Js-2023\\08-RESTWeb\\src\\presentation\\server.ts","all":false,"statementMap":{"0":{"start":{"line":1,"column":0},"end":{"line":1,"column":42}},"1":{"start":{"line":2,"column":0},"end":{"line":2,"column":43}},"2":{"start":{"line":3,"column":0},"end":{"line":3,"column":24}},"3":{"start":{"line":4,"column":0},"end":{"line":4,"column":0}},"4":{"start":{"line":5,"column":0},"end":{"line":5,"column":19}},"5":{"start":{"line":6,"column":0},"end":{"line":6,"column":15}},"6":{"start":{"line":7,"column":0},"end":{"line":7,"column":17}},"7":{"start":{"line":8,"column":0},"end":{"line":8,"column":23}},"8":{"start":{"line":9,"column":0},"end":{"line":9,"column":1}},"9":{"start":{"line":10,"column":0},"end":{"line":10,"column":0}},"10":{"start":{"line":11,"column":0},"end":{"line":11,"column":21}},"11":{"start":{"line":12,"column":0},"end":{"line":12,"column":34}},"12":{"start":{"line":13,"column":0},"end":{"line":13,"column":31}},"13":{"start":{"line":14,"column":0},"end":{"line":14,"column":32}},"14":{"start":{"line":15,"column":0},"end":{"line":15,"column":38}},"15":{"start":{"line":16,"column":0},"end":{"line":16,"column":34}},"16":{"start":{"line":17,"column":0},"end":{"line":17,"column":0}},"17":{"start":{"line":18,"column":0},"end":{"line":18,"column":33}},"18":{"start":{"line":19,"column":0},"end":{"line":19,"column":61}},"19":{"start":{"line":20,"column":0},"end":{"line":20,"column":21}},"20":{"start":{"line":21,"column":0},"end":{"line":21,"column":34}},"21":{"start":{"line":22,"column":0},"end":{"line":22,"column":25}},"22":{"start":{"line":23,"column":0},"end":{"line":23,"column":3}},"23":{"start":{"line":24,"column":0},"end":{"line":24,"column":0}},"24":{"start":{"line":25,"column":0},"end":{"line":25,"column":17}},"25":{"start":{"line":26,"column":0},"end":{"line":26,"column":19}},"26":{"start":{"line":27,"column":0},"end":{"line":27,"column":33}},"27":{"start":{"line":28,"column":0},"end":{"line":28,"column":57}},"28":{"start":{"line":29,"column":0},"end":{"line":29,"column":64}},"29":{"start":{"line":30,"column":0},"end":{"line":30,"column":0}},"30":{"start":{"line":31,"column":0},"end":{"line":31,"column":21}},"31":{"start":{"line":32,"column":0},"end":{"line":32,"column":50}},"32":{"start":{"line":33,"column":0},"end":{"line":33,"column":0}},"33":{"start":{"line":34,"column":0},"end":{"line":34,"column":14}},"34":{"start":{"line":35,"column":0},"end":{"line":35,"column":30}},"35":{"start":{"line":36,"column":0},"end":{"line":36,"column":0}},"36":{"start":{"line":37,"column":0},"end":{"line":37,"column":11}},"37":{"start":{"line":38,"column":0},"end":{"line":38,"column":37}},"38":{"start":{"line":39,"column":0},"end":{"line":39,"column":34}},"39":{"start":{"line":40,"column":0},"end":{"line":40,"column":60}},"40":{"start":{"line":41,"column":0},"end":{"line":41,"column":8}},"41":{"start":{"line":42,"column":0},"end":{"line":42,"column":30}},"42":{"start":{"line":43,"column":0},"end":{"line":43,"column":13}},"43":{"start":{"line":44,"column":0},"end":{"line":44,"column":7}},"44":{"start":{"line":45,"column":0},"end":{"line":45,"column":0}},"45":{"start":{"line":46,"column":0},"end":{"line":46,"column":58}},"46":{"start":{"line":47,"column":0},"end":{"line":47,"column":56}},"47":{"start":{"line":48,"column":0},"end":{"line":48,"column":6}},"48":{"start":{"line":49,"column":0},"end":{"line":49,"column":3}},"49":{"start":{"line":50,"column":0},"end":{"line":50,"column":0}},"50":{"start":{"line":51,"column":0},"end":{"line":51,"column":18}},"51":{"start":{"line":52,"column":0},"end":{"line":52,"column":33}},"52":{"start":{"line":53,"column":0},"end":{"line":53,"column":3}},"53":{"start":{"line":54,"column":0},"end":{"line":54,"column":1}}},"s":{"0":1,"1":1,"2":1,"3":1,"4":1,"5":1,"6":1,"7":1,"8":1,"9":1,"10":1,"11":1,"12":1,"13":1,"14":1,"15":1,"16":1,"17":1,"18":1,"19":1,"20":1,"21":1,"22":1,"23":1,"24":1,"25":1,"26":1,"27":1,"28":1,"29":1,"30":1,"31":1,"32":1,"33":1,"34":1,"35":1,"36":1,"37":1,"38":0,"39":0,"40":0,"41":0,"42":0,"43":1,"44":1,"45":1,"46":1,"47":1,"48":1,"49":1,"50":1,"51":1,"52":1,"53":1},"branchMap":{"0":{"type":"branch","line":18,"loc":{"start":{"line":18,"column":2},"end":{"line":23,"column":3}},"locations":[{"start":{"line":18,"column":2},"end":{"line":23,"column":3}}]},"1":{"type":"branch","line":25,"loc":{"start":{"line":25,"column":8},"end":{"line":49,"column":3}},"locations":[{"start":{"line":25,"column":8},"end":{"line":49,"column":3}}]},"2":{"type":"branch","line":46,"loc":{"start":{"line":46,"column":53},"end":{"line":47,"column":56}},"locations":[{"start":{"line":46,"column":53},"end":{"line":47,"column":56}}]},"3":{"type":"branch","line":51,"loc":{"start":{"line":51,"column":9},"end":{"line":53,"column":3}},"locations":[{"start":{"line":51,"column":9},"end":{"line":53,"column":3}}]},"4":{"type":"branch","line":52,"loc":{"start":{"line":52,"column":23},"end":{"line":52,"column":25}},"locations":[{"start":{"line":52,"column":23},"end":{"line":52,"column":25}}]}},"b":{"0":[1],"1":[1],"2":[1],"3":[1],"4":[0]},"fnMap":{"0":{"name":"Server","decl":{"start":{"line":18,"column":2},"end":{"line":23,"column":3}},"loc":{"start":{"line":18,"column":2},"end":{"line":23,"column":3}},"line":18},"1":{"name":"start","decl":{"start":{"line":25,"column":8},"end":{"line":49,"column":3}},"loc":{"start":{"line":25,"column":8},"end":{"line":49,"column":3}},"line":25},"2":{"name":"close","decl":{"start":{"line":51,"column":9},"end":{"line":53,"column":3}},"loc":{"start":{"line":51,"column":9},"end":{"line":53,"column":3}},"line":51}},"f":{"0":1,"1":1,"2":1}}
,"D:\\aProyectos\\NodeJS\\Fernando-Herrera\\Node.Js-2023\\08-RESTWeb\\src\\presentation\\todos\\controller.ts": {"path":"D:\\aProyectos\\NodeJS\\Fernando-Herrera\\Node.Js-2023\\08-RESTWeb\\src\\presentation\\todos\\controller.ts","all":false,"statementMap":{"0":{"start":{"line":1,"column":0},"end":{"line":1,"column":44}},"1":{"start":{"line":2,"column":0},"end":{"line":2,"column":65}},"2":{"start":{"line":3,"column":0},"end":{"line":3,"column":8}},"3":{"start":{"line":4,"column":0},"end":{"line":4,"column":13}},"4":{"start":{"line":5,"column":0},"end":{"line":5,"column":14}},"5":{"start":{"line":6,"column":0},"end":{"line":6,"column":13}},"6":{"start":{"line":7,"column":0},"end":{"line":7,"column":13}},"7":{"start":{"line":8,"column":0},"end":{"line":8,"column":14}},"8":{"start":{"line":9,"column":0},"end":{"line":9,"column":17}},"9":{"start":{"line":10,"column":0},"end":{"line":10,"column":13}},"10":{"start":{"line":11,"column":0},"end":{"line":11,"column":22}},"11":{"start":{"line":12,"column":0},"end":{"line":12,"column":0}},"12":{"start":{"line":13,"column":0},"end":{"line":13,"column":29}},"13":{"start":{"line":14,"column":0},"end":{"line":14,"column":8}},"14":{"start":{"line":15,"column":0},"end":{"line":15,"column":65}},"15":{"start":{"line":16,"column":0},"end":{"line":16,"column":0}},"16":{"start":{"line":17,"column":0},"end":{"line":17,"column":60}},"17":{"start":{"line":18,"column":0},"end":{"line":18,"column":39}},"18":{"start":{"line":19,"column":0},"end":{"line":19,"column":68}},"19":{"start":{"line":20,"column":0},"end":{"line":20,"column":13}},"20":{"start":{"line":21,"column":0},"end":{"line":21,"column":5}},"21":{"start":{"line":22,"column":0},"end":{"line":22,"column":0}},"22":{"start":{"line":23,"column":0},"end":{"line":23,"column":18}},"23":{"start":{"line":24,"column":0},"end":{"line":24,"column":73}},"24":{"start":{"line":25,"column":0},"end":{"line":25,"column":4}},"25":{"start":{"line":26,"column":0},"end":{"line":26,"column":0}},"26":{"start":{"line":27,"column":0},"end":{"line":27,"column":54}},"27":{"start":{"line":28,"column":0},"end":{"line":28,"column":39}},"28":{"start":{"line":29,"column":0},"end":{"line":29,"column":16}},"29":{"start":{"line":30,"column":0},"end":{"line":30,"column":39}},"30":{"start":{"line":31,"column":0},"end":{"line":31,"column":54}},"31":{"start":{"line":32,"column":0},"end":{"line":32,"column":4}},"32":{"start":{"line":33,"column":0},"end":{"line":33,"column":0}},"33":{"start":{"line":34,"column":0},"end":{"line":34,"column":57}},"34":{"start":{"line":35,"column":0},"end":{"line":35,"column":30}},"35":{"start":{"line":36,"column":0},"end":{"line":36,"column":0}},"36":{"start":{"line":37,"column":0},"end":{"line":37,"column":40}},"37":{"start":{"line":38,"column":0},"end":{"line":38,"column":18}},"38":{"start":{"line":39,"column":0},"end":{"line":39,"column":37}},"39":{"start":{"line":40,"column":0},"end":{"line":40,"column":54}},"40":{"start":{"line":41,"column":0},"end":{"line":41,"column":4}},"41":{"start":{"line":42,"column":0},"end":{"line":42,"column":0}},"42":{"start":{"line":43,"column":0},"end":{"line":43,"column":56}},"43":{"start":{"line":44,"column":0},"end":{"line":44,"column":66}},"44":{"start":{"line":45,"column":0},"end":{"line":45,"column":54}},"45":{"start":{"line":46,"column":0},"end":{"line":46,"column":0}},"46":{"start":{"line":47,"column":0},"end":{"line":47,"column":39}},"47":{"start":{"line":48,"column":0},"end":{"line":48,"column":30}},"48":{"start":{"line":49,"column":0},"end":{"line":49,"column":49}},"49":{"start":{"line":50,"column":0},"end":{"line":50,"column":54}},"50":{"start":{"line":51,"column":0},"end":{"line":51,"column":4}},"51":{"start":{"line":52,"column":0},"end":{"line":52,"column":0}},"52":{"start":{"line":53,"column":0},"end":{"line":53,"column":56}},"53":{"start":{"line":54,"column":0},"end":{"line":54,"column":30}},"54":{"start":{"line":55,"column":0},"end":{"line":55,"column":77}},"55":{"start":{"line":56,"column":0},"end":{"line":56,"column":54}},"56":{"start":{"line":57,"column":0},"end":{"line":57,"column":0}},"57":{"start":{"line":58,"column":0},"end":{"line":58,"column":39}},"58":{"start":{"line":59,"column":0},"end":{"line":59,"column":30}},"59":{"start":{"line":60,"column":0},"end":{"line":60,"column":37}},"60":{"start":{"line":61,"column":0},"end":{"line":61,"column":54}},"61":{"start":{"line":62,"column":0},"end":{"line":62,"column":4}},"62":{"start":{"line":63,"column":0},"end":{"line":63,"column":56}},"63":{"start":{"line":64,"column":0},"end":{"line":64,"column":30}},"64":{"start":{"line":65,"column":0},"end":{"line":65,"column":0}},"65":{"start":{"line":66,"column":0},"end":{"line":66,"column":39}},"66":{"start":{"line":67,"column":0},"end":{"line":67,"column":18}},"67":{"start":{"line":68,"column":0},"end":{"line":68,"column":37}},"68":{"start":{"line":69,"column":0},"end":{"line":69,"column":54}},"69":{"start":{"line":70,"column":0},"end":{"line":70,"column":4}},"70":{"start":{"line":71,"column":0},"end":{"line":71,"column":1}}},"s":{"0":1,"1":1,"2":1,"3":1,"4":1,"5":1,"6":1,"7":1,"8":1,"9":1,"10":1,"11":1,"12":1,"13":1,"14":1,"15":1,"16":1,"17":2,"18":2,"19":2,"20":2,"21":0,"22":0,"23":0,"24":1,"25":1,"26":1,"27":1,"28":1,"29":1,"30":1,"31":1,"32":1,"33":1,"34":2,"35":2,"36":2,"37":2,"38":2,"39":2,"40":1,"41":1,"42":1,"43":3,"44":3,"45":1,"46":1,"47":1,"48":1,"49":1,"50":1,"51":1,"52":1,"53":3,"54":3,"55":3,"56":3,"57":3,"58":3,"59":3,"60":3,"61":1,"62":1,"63":1,"64":1,"65":1,"66":1,"67":1,"68":1,"69":1,"70":1},"branchMap":{"0":{"type":"branch","line":15,"loc":{"start":{"line":15,"column":2},"end":{"line":15,"column":65}},"locations":[{"start":{"line":15,"column":2},"end":{"line":15,"column":65}}]},"1":{"type":"branch","line":17,"loc":{"start":{"line":17,"column":24},"end":{"line":25,"column":3}},"locations":[{"start":{"line":17,"column":24},"end":{"line":25,"column":3}}]},"2":{"type":"branch","line":22,"loc":{"start":{"line":22,"column":-2},"end":{"line":25,"column":3}},"locations":[{"start":{"line":22,"column":-2},"end":{"line":25,"column":3}}]},"3":{"type":"branch","line":27,"loc":{"start":{"line":27,"column":20},"end":{"line":32,"column":3}},"locations":[{"start":{"line":27,"column":20},"end":{"line":32,"column":3}}]},"4":{"type":"branch","line":30,"loc":{"start":{"line":30,"column":12},"end":{"line":30,"column":38}},"locations":[{"start":{"line":30,"column":12},"end":{"line":30,"column":38}}]},"5":{"type":"branch","line":34,"loc":{"start":{"line":34,"column":23},"end":{"line":41,"column":3}},"locations":[{"start":{"line":34,"column":23},"end":{"line":41,"column":3}}]},"6":{"type":"branch","line":39,"loc":{"start":{"line":39,"column":12},"end":{"line":39,"column":36}},"locations":[{"start":{"line":39,"column":12},"end":{"line":39,"column":36}}]},"7":{"type":"branch","line":40,"loc":{"start":{"line":40,"column":13},"end":{"line":40,"column":52}},"locations":[{"start":{"line":40,"column":13},"end":{"line":40,"column":52}}]},"8":{"type":"branch","line":43,"loc":{"start":{"line":43,"column":22},"end":{"line":51,"column":3}},"locations":[{"start":{"line":43,"column":22},"end":{"line":51,"column":3}}]},"9":{"type":"branch","line":45,"loc":{"start":{"line":45,"column":15},"end":{"line":45,"column":54}},"locations":[{"start":{"line":45,"column":15},"end":{"line":45,"column":54}}]},"10":{"type":"branch","line":46,"loc":{"start":{"line":46,"column":-2},"end":{"line":51,"column":3}},"locations":[{"start":{"line":46,"column":-2},"end":{"line":51,"column":3}}]},"11":{"type":"branch","line":49,"loc":{"start":{"line":49,"column":12},"end":{"line":49,"column":48}},"locations":[{"start":{"line":49,"column":12},"end":{"line":49,"column":48}}]},"12":{"type":"branch","line":53,"loc":{"start":{"line":53,"column":22},"end":{"line":62,"column":3}},"locations":[{"start":{"line":53,"column":22},"end":{"line":62,"column":3}}]},"13":{"type":"branch","line":56,"loc":{"start":{"line":56,"column":15},"end":{"line":56,"column":54}},"locations":[{"start":{"line":56,"column":15},"end":{"line":56,"column":54}}]},"14":{"type":"branch","line":60,"loc":{"start":{"line":60,"column":12},"end":{"line":60,"column":36}},"locations":[{"start":{"line":60,"column":12},"end":{"line":60,"column":36}}]},"15":{"type":"branch","line":61,"loc":{"start":{"line":61,"column":13},"end":{"line":61,"column":52}},"locations":[{"start":{"line":61,"column":13},"end":{"line":61,"column":52}}]},"16":{"type":"branch","line":63,"loc":{"start":{"line":63,"column":22},"end":{"line":70,"column":3}},"locations":[{"start":{"line":63,"column":22},"end":{"line":70,"column":3}}]},"17":{"type":"branch","line":68,"loc":{"start":{"line":68,"column":12},"end":{"line":68,"column":36}},"locations":[{"start":{"line":68,"column":12},"end":{"line":68,"column":36}}]}},"b":{"0":[2],"1":[2],"2":[0],"3":[1],"4":[1],"5":[2],"6":[1],"7":[1],"8":[3],"9":[2],"10":[1],"11":[1],"12":[3],"13":[0],"14":[2],"15":[1],"16":[1],"17":[1]},"fnMap":{"0":{"name":"TodoController","decl":{"start":{"line":15,"column":2},"end":{"line":15,"column":65}},"loc":{"start":{"line":15,"column":2},"end":{"line":15,"column":65}},"line":15},"1":{"name":"TodoController.handleError","decl":{"start":{"line":17,"column":24},"end":{"line":25,"column":3}},"loc":{"start":{"line":17,"column":24},"end":{"line":25,"column":3}},"line":17},"2":{"name":"TodoController.getTodos","decl":{"start":{"line":27,"column":20},"end":{"line":32,"column":3}},"loc":{"start":{"line":27,"column":20},"end":{"line":32,"column":3}},"line":27},"3":{"name":"TodoController.getTodoById","decl":{"start":{"line":34,"column":23},"end":{"line":41,"column":3}},"loc":{"start":{"line":34,"column":23},"end":{"line":41,"column":3}},"line":34},"4":{"name":"TodoController.createTodo","decl":{"start":{"line":43,"column":22},"end":{"line":51,"column":3}},"loc":{"start":{"line":43,"column":22},"end":{"line":51,"column":3}},"line":43},"5":{"name":"TodoController.updateTodo","decl":{"start":{"line":53,"column":22},"end":{"line":62,"column":3}},"loc":{"start":{"line":53,"column":22},"end":{"line":62,"column":3}},"line":53},"6":{"name":"TodoController.deleteTodo","decl":{"start":{"line":63,"column":22},"end":{"line":70,"column":3}},"loc":{"start":{"line":63,"column":22},"end":{"line":70,"column":3}},"line":63}},"f":{"0":2,"1":2,"2":1,"3":2,"4":3,"5":3,"6":1}}
,"D:\\aProyectos\\NodeJS\\Fernando-Herrera\\Node.Js-2023\\08-RESTWeb\\test\\test-server.ts": {"path":"D:\\aProyectos\\NodeJS\\Fernando-Herrera\\Node.Js-2023\\08-RESTWeb\\test\\test-server.ts","all":false,"statementMap":{"0":{"start":{"line":1,"column":0},"end":{"line":1,"column":42}},"1":{"start":{"line":2,"column":0},"end":{"line":2,"column":55}},"2":{"start":{"line":3,"column":0},"end":{"line":3,"column":52}},"3":{"start":{"line":4,"column":0},"end":{"line":4,"column":0}},"4":{"start":{"line":5,"column":0},"end":{"line":5,"column":38}},"5":{"start":{"line":6,"column":0},"end":{"line":6,"column":18}},"6":{"start":{"line":7,"column":0},"end":{"line":7,"column":27}},"7":{"start":{"line":8,"column":0},"end":{"line":8,"column":3}}},"s":{"0":1,"1":1,"2":1,"3":1,"4":1,"5":1,"6":1,"7":1},"branchMap":{},"b":{},"fnMap":{},"f":{}}
}
